<?xml version="1.0" encoding="UTF-8"?>
<!-- Generated by org.testng.reporters.JUnitReportReporter -->
<testsuite skipped="0" hostname="Candis-MacBook-Pro.local" name="qaclickacademy.RestApiTest" tests="2" failures="0" timestamp="2021-08-09T23:15:12 CST" time="0.001" errors="0">
  <testcase name="PostFacebook" time="0.001" classname="qaclickacademy.RestApiTest"/>
  <system-out/>
  <testcase name="postJira" time="0.000" classname="qaclickacademy.RestApiTest"/>
  <system-out/>
</testsuite> <!-- qaclickacademy.RestApiTest -->
