<?xml version="1.0" encoding="UTF-8"?>
<!-- Generated by org.testng.reporters.JUnitReportReporter -->
<testsuite skipped="0" hostname="Candis-MacBook-Pro.local" name="qaclickacademy.AppiumTest" tests="2" failures="0" timestamp="2021-08-09T23:15:12 CST" time="0.004" errors="0">
  <testcase name="MobileAutomation" time="0.003" classname="qaclickacademy.AppiumTest"/>
  <system-out/>
  <testcase name="MobileLogin" time="0.001" classname="qaclickacademy.AppiumTest"/>
  <system-out/>
</testsuite> <!-- qaclickacademy.AppiumTest -->
